  avtFreeType.cpp
C:\Users\afons\source\repos\AVT_Template1\AVT_Template1\avtFreeType.cpp(88,35): warning C4838: conversion from 'unsigned int' to 'int' requires a narrowing conversion
C:\Users\afons\source\repos\AVT_Template1\AVT_Template1\avtFreeType.cpp(88,62): warning C4838: conversion from 'unsigned int' to 'int' requires a narrowing conversion
  AVTmathLib.cpp
C:\Users\afons\source\repos\AVT_Template1\AVT_Template1\AVTmathLib.cpp(145,11): warning C4244: 'initializing': conversion from 'double' to 'float', possible loss of data
C:\Users\afons\source\repos\AVT_Template1\AVT_Template1\AVTmathLib.cpp(146,11): warning C4244: 'initializing': conversion from 'double' to 'float', possible loss of data
C:\Users\afons\source\repos\AVT_Template1\AVT_Template1\AVTmathLib.cpp(234,10): warning C4244: 'initializing': conversion from 'double' to 'float', possible loss of data
C:\Users\afons\source\repos\AVT_Template1\AVT_Template1\AVTmathLib.cpp(375,12): warning C4244: 'initializing': conversion from 'double' to 'float', possible loss of data
C:\Users\afons\source\repos\AVT_Template1\AVT_Template1\AVTmathLib.cpp(402,8): warning C4244: 'return': conversion from 'double' to 'float', possible loss of data
C:\Users\afons\source\repos\AVT_Template1\AVT_Template1\AVTmathLib.cpp(443,62): warning C4244: '=': conversion from 'double' to 'float', possible loss of data
C:\Users\afons\source\repos\AVT_Template1\AVT_Template1\AVTmathLib.cpp(444,62): warning C4244: '=': conversion from 'double' to 'float', possible loss of data
C:\Users\afons\source\repos\AVT_Template1\AVT_Template1\AVTmathLib.cpp(446,40): warning C4244: '=': conversion from 'double' to 'float', possible loss of data
  basic_geometry.cpp
C:\Users\afons\source\repos\AVT_Template1\AVT_Template1\basic_geometry.cpp(172,32): warning C4267: 'argument': conversion from 'size_t' to 'int', possible loss of data
C:\Users\afons\source\repos\AVT_Template1\AVT_Template1\basic_geometry.cpp(294,44): warning C4244: '=': conversion from 'double' to 'float', possible loss of data
C:\Users\afons\source\repos\AVT_Template1\AVT_Template1\basic_geometry.cpp(296,44): warning C4244: '=': conversion from 'double' to 'float', possible loss of data
C:\Users\afons\source\repos\AVT_Template1\AVT_Template1\basic_geometry.cpp(299,48): warning C4244: '=': conversion from 'double' to 'float', possible loss of data
C:\Users\afons\source\repos\AVT_Template1\AVT_Template1\basic_geometry.cpp(301,48): warning C4244: '=': conversion from 'double' to 'float', possible loss of data
C:\Users\afons\source\repos\AVT_Template1\AVT_Template1\basic_geometry.cpp(317,45): warning C4244: '=': conversion from 'double' to 'float', possible loss of data
C:\Users\afons\source\repos\AVT_Template1\AVT_Template1\basic_geometry.cpp(319,45): warning C4244: '=': conversion from 'double' to 'float', possible loss of data
C:\Users\afons\source\repos\AVT_Template1\AVT_Template1\basic_geometry.cpp(322,53): warning C4244: '=': conversion from 'double' to 'float', possible loss of data
C:\Users\afons\source\repos\AVT_Template1\AVT_Template1\basic_geometry.cpp(324,53): warning C4244: '=': conversion from 'double' to 'float', possible loss of data
C:\Users\afons\source\repos\AVT_Template1\AVT_Template1\basic_geometry.cpp(408,11): warning C4244: '=': conversion from 'double' to 'float', possible loss of data
C:\Users\afons\source\repos\AVT_Template1\AVT_Template1\basic_geometry.cpp(416,11): warning C4244: '=': conversion from 'double' to 'float', possible loss of data
C:\Users\afons\source\repos\AVT_Template1\AVT_Template1\basic_geometry.cpp(436,11): warning C4244: '=': conversion from 'double' to 'float', possible loss of data
C:\Users\afons\source\repos\AVT_Template1\AVT_Template1\basic_geometry.cpp(457,48): warning C4244: '=': conversion from 'double' to 'float', possible loss of data
C:\Users\afons\source\repos\AVT_Template1\AVT_Template1\basic_geometry.cpp(458,48): warning C4244: '=': conversion from 'double' to 'float', possible loss of data
  lightDemo.cpp
C:\Users\afons\source\repos\AVT_Template1\AVT_Template1\lightDemo.cpp(200,103): warning C4244: 'argument': conversion from 'int' to 'float', possible loss of data
C:\Users\afons\source\repos\AVT_Template1\AVT_Template1\lightDemo.cpp(200,70): warning C4244: 'argument': conversion from 'int' to 'float', possible loss of data
C:\Users\afons\source\repos\AVT_Template1\AVT_Template1\lightDemo.cpp(200,53): warning C4244: 'argument': conversion from 'int' to 'float', possible loss of data
C:\Users\afons\source\repos\AVT_Template1\AVT_Template1\lightDemo.cpp(200,20): warning C4244: 'argument': conversion from 'int' to 'float', possible loss of data
C:\Users\afons\source\repos\AVT_Template1\AVT_Template1\lightDemo.cpp(202,84): warning C4305: 'argument': truncation from 'double' to 'float'
  Texture_Loader.cpp
  vsShaderLib.cpp
C:\Users\afons\source\repos\AVT_Template1\AVT_Template1\vsShaderLib.cpp(569,18): warning C4267: '=': conversion from 'size_t' to 'int', possible loss of data
  Generating Code...
  AVT_Template1.vcxproj -> C:\Users\afons\source\repos\AVT_Template1\x64\Debug\AVT_Template1.exe
  C:\Users\afons\source\repos\AVT_Template1\AVT_Template1\Dependencies\lib\x64\assimp-vc142-mt.dll
  C:\Users\afons\source\repos\AVT_Template1\AVT_Template1\Dependencies\lib\x64\DevIL.dll
  C:\Users\afons\source\repos\AVT_Template1\AVT_Template1\Dependencies\lib\x64\freeglut.dll
  C:\Users\afons\source\repos\AVT_Template1\AVT_Template1\Dependencies\lib\x64\freetype.dll
  C:\Users\afons\source\repos\AVT_Template1\AVT_Template1\Dependencies\lib\x64\glew32.dll
  C:\Users\afons\source\repos\AVT_Template1\AVT_Template1\Dependencies\lib\x64\ILU.dll
  C:\Users\afons\source\repos\AVT_Template1\AVT_Template1\Dependencies\lib\x64\ILUT.dll
  7 File(s) copied
